TN:
SF:src/routes.ts
FNF:0
FNH:0
DA:1,1
DA:4,1
DA:5,1
DA:6,1
DA:7,1
DA:8,1
DA:9,1
DA:12,1
DA:13,1
DA:15,1
DA:18,1
DA:19,1
DA:20,1
DA:21,1
DA:22,1
DA:23,1
DA:25,1
DA:26,1
DA:27,1
DA:28,1
DA:29,1
DA:30,1
DA:32,1
LF:23
LH:23
BRF:0
BRH:0
end_of_record
TN:
SF:src/server.ts
FN:16,(anonymous_1)
FNF:1
FNH:1
FNDA:1,(anonymous_1)
DA:1,1
DA:2,1
DA:3,1
DA:4,1
DA:5,1
DA:6,1
DA:7,1
DA:9,1
DA:11,1
DA:12,1
DA:13,1
DA:16,1
DA:17,1
DA:18,1
DA:24,0
DA:30,1
LF:16
LH:15
BRDA:17,0,0,1
BRDA:17,0,1,0
BRF:2
BRH:1
end_of_record
TN:
SF:src/controllers/AuthUserController.ts
FN:4,(anonymous_13)
FN:5,(anonymous_15)
FNF:2
FNH:1
FNDA:2,(anonymous_13)
FNDA:0,(anonymous_15)
DA:2,1
DA:4,1
DA:5,1
DA:6,0
DA:8,0
DA:9,0
DA:11,0
DA:13,1
DA:15,1
LF:9
LH:5
BRF:0
BRH:0
end_of_record
TN:
SF:src/controllers/CreateComplimentController.ts
FN:4,(anonymous_13)
FN:5,(anonymous_15)
FNF:2
FNH:1
FNDA:2,(anonymous_13)
FNDA:0,(anonymous_15)
DA:2,1
DA:4,1
DA:5,1
DA:6,0
DA:7,0
DA:8,0
DA:9,0
DA:11,0
DA:13,1
DA:15,1
LF:10
LH:5
BRF:0
BRH:0
end_of_record
TN:
SF:src/controllers/CreateTagController.ts
FN:4,(anonymous_13)
FN:5,(anonymous_15)
FNF:2
FNH:1
FNDA:2,(anonymous_13)
FNDA:0,(anonymous_15)
DA:2,1
DA:4,1
DA:5,1
DA:7,0
DA:8,0
DA:9,0
DA:11,0
DA:13,1
DA:15,1
LF:9
LH:5
BRF:0
BRH:0
end_of_record
TN:
SF:src/controllers/CreateUserController.ts
FN:4,(anonymous_13)
FN:5,(anonymous_15)
FNF:2
FNH:2
FNDA:2,(anonymous_13)
FNDA:1,(anonymous_15)
DA:2,1
DA:4,1
DA:5,1
DA:7,1
DA:8,1
DA:9,1
DA:11,0
DA:13,1
DA:15,1
LF:9
LH:8
BRF:0
BRH:0
end_of_record
TN:
SF:src/controllers/ListUserReceivedComplimentsController.ts
FN:4,(anonymous_13)
FN:5,(anonymous_15)
FNF:2
FNH:1
FNDA:2,(anonymous_13)
FNDA:0,(anonymous_15)
DA:2,1
DA:4,1
DA:5,1
DA:6,0
DA:8,0
DA:9,0
DA:11,0
DA:13,1
DA:15,1
LF:9
LH:5
BRF:0
BRH:0
end_of_record
TN:
SF:src/controllers/ListUserSendedComplimentsController.ts
FN:4,(anonymous_13)
FN:5,(anonymous_15)
FNF:2
FNH:1
FNDA:2,(anonymous_13)
FNDA:0,(anonymous_15)
DA:2,1
DA:4,1
DA:5,1
DA:6,0
DA:8,0
DA:9,0
DA:11,0
DA:13,1
DA:15,1
LF:9
LH:5
BRF:0
BRH:0
end_of_record
TN:
SF:src/database/connection.ts
FN:4,(anonymous_13)
FN:8,(anonymous_16)
FN:12,(anonymous_19)
FN:16,(anonymous_22)
FN:16,(anonymous_23)
FNF:5
FNH:2
FNDA:1,(anonymous_13)
FNDA:1,(anonymous_16)
FNDA:0,(anonymous_19)
FNDA:0,(anonymous_22)
FNDA:0,(anonymous_23)
DA:1,1
DA:3,1
DA:5,2
DA:9,2
DA:13,0
DA:14,0
DA:16,0
DA:17,0
DA:19,0
DA:22,0
DA:28,1
LF:11
LH:5
BRDA:5,0,0,1
BRDA:9,1,0,1
BRF:2
BRH:2
end_of_record
TN:
SF:src/database/index.ts
FNF:0
FNH:0
DA:1,1
DA:3,1
LF:2
LH:2
BRF:0
BRH:0
end_of_record
TN:
SF:src/database/migrations/1625337170097-CreateUsers.ts
FN:3,(anonymous_13)
FN:5,(anonymous_15)
FN:47,(anonymous_18)
FNF:3
FNH:1
FNDA:2,(anonymous_13)
FNDA:0,(anonymous_15)
FNDA:0,(anonymous_18)
DA:1,1
DA:3,1
DA:5,1
DA:6,0
DA:47,1
DA:48,0
DA:51,1
LF:7
LH:5
BRDA:6,0,0,0
BRDA:48,1,0,0
BRF:2
BRH:0
end_of_record
TN:
SF:src/database/migrations/1625352124150-CreateTags.ts
FN:3,(anonymous_13)
FN:5,(anonymous_15)
FN:34,(anonymous_18)
FNF:3
FNH:1
FNDA:2,(anonymous_13)
FNDA:0,(anonymous_15)
FNDA:0,(anonymous_18)
DA:1,1
DA:3,1
DA:5,1
DA:6,0
DA:34,1
DA:35,0
DA:38,1
LF:7
LH:5
BRDA:6,0,0,0
BRDA:35,1,0,0
BRF:2
BRH:0
end_of_record
TN:
SF:src/database/migrations/1625416246744-CreateCompliments.ts
FN:3,(anonymous_13)
FN:5,(anonymous_15)
FN:71,(anonymous_18)
FNF:3
FNH:1
FNDA:2,(anonymous_13)
FNDA:0,(anonymous_15)
FNDA:0,(anonymous_18)
DA:1,1
DA:3,1
DA:5,1
DA:6,0
DA:71,1
DA:72,0
DA:75,1
LF:7
LH:5
BRDA:6,0,0,0
BRDA:72,1,0,0
BRF:2
BRH:0
end_of_record
TN:
SF:src/entities/Compliment.ts
FN:7,(anonymous_2)
FN:42,Compliment
FN:16,(anonymous_4)
FN:23,(anonymous_5)
FN:30,(anonymous_6)
FNF:5
FNH:5
FNDA:1,(anonymous_2)
FNDA:2,Compliment
FNDA:2,(anonymous_4)
FNDA:2,(anonymous_5)
FNDA:2,(anonymous_6)
DA:1,1
DA:2,1
DA:3,1
DA:4,1
DA:7,1
DA:10,1
DA:13,1
DA:16,2
DA:17,1
DA:20,1
DA:23,2
DA:24,1
DA:27,1
DA:30,2
DA:31,1
DA:34,1
DA:37,1
DA:40,1
DA:43,2
DA:44,2
DA:47,1
DA:49,1
LF:22
LH:22
BRDA:43,0,0,2
BRDA:43,0,1,0
BRF:2
BRH:1
end_of_record
TN:
SF:src/entities/Tag.ts
FN:5,(anonymous_2)
FN:19,Tag
FNF:2
FNH:2
FNDA:1,(anonymous_2)
FNDA:2,Tag
DA:1,1
DA:2,1
DA:5,1
DA:8,1
DA:11,1
DA:14,1
DA:17,1
DA:20,2
DA:21,2
DA:25,1
DA:27,1
LF:11
LH:11
BRDA:20,0,0,2
BRDA:20,0,1,0
BRF:2
BRH:1
end_of_record
TN:
SF:src/entities/User.ts
FN:5,(anonymous_2)
FN:28,User
FNF:2
FNH:2
FNDA:1,(anonymous_2)
FNDA:3,User
DA:1,1
DA:2,1
DA:5,1
DA:8,1
DA:11,1
DA:14,1
DA:17,1
DA:20,1
DA:23,1
DA:26,1
DA:29,3
DA:30,3
DA:34,1
DA:36,1
LF:14
LH:14
BRDA:29,0,0,3
BRDA:29,0,1,0
BRF:2
BRH:1
end_of_record
TN:
SF:src/middlewares/ensureAdmin.ts
FN:6,ensureAdmin
FNF:1
FNH:0
FNDA:0,ensureAdmin
DA:2,1
DA:3,1
DA:4,1
DA:6,1
DA:8,0
DA:9,0
DA:10,0
DA:12,0
DA:13,0
DA:16,0
DA:18,0
DA:19,0
DA:22,0
LF:13
LH:4
BRDA:12,0,0,0
BRDA:12,0,1,0
BRDA:18,1,0,0
BRDA:18,1,1,0
BRF:4
BRH:0
end_of_record
TN:
SF:src/middlewares/ensureAuth.ts
FN:8,ensureAuth
FNF:1
FNH:0
FNDA:0,ensureAuth
DA:2,1
DA:8,1
DA:9,0
DA:11,0
DA:12,0
DA:18,0
DA:20,0
DA:21,0
DA:22,0
DA:25,0
DA:31,0
LF:11
LH:2
BRDA:11,0,0,0
BRDA:11,0,1,0
BRF:2
BRH:0
end_of_record
TN:
SF:src/repositories/ComplimentRepositories.ts
FN:5,(anonymous_7)
FNF:1
FNH:1
FNDA:1,(anonymous_7)
DA:1,1
DA:2,1
DA:5,1
DA:7,1
DA:9,1
LF:5
LH:5
BRF:0
BRH:0
end_of_record
TN:
SF:src/repositories/TagRepositories.ts
FN:5,(anonymous_7)
FNF:1
FNH:1
FNDA:1,(anonymous_7)
DA:1,1
DA:2,1
DA:5,1
DA:7,1
DA:9,1
LF:5
LH:5
BRF:0
BRH:0
end_of_record
TN:
SF:src/repositories/UserRepositories.ts
FN:5,(anonymous_7)
FNF:1
FNH:1
FNDA:2,(anonymous_7)
DA:1,1
DA:2,1
DA:5,1
DA:7,1
DA:9,1
LF:5
LH:5
BRF:0
BRH:0
end_of_record
TN:
SF:src/services/AuthUserService.ts
FN:7,(anonymous_13)
FN:8,(anonymous_15)
FNF:2
FNH:1
FNDA:1,(anonymous_13)
FNDA:0,(anonymous_15)
DA:1,1
DA:2,1
DA:3,1
DA:4,1
DA:5,1
DA:7,1
DA:8,1
DA:9,0
DA:12,0
DA:13,0
DA:16,0
DA:17,0
DA:21,0
DA:23,0
DA:24,0
DA:28,0
DA:30,0
DA:31,0
DA:35,0
DA:42,0
DA:44,1
DA:46,1
LF:22
LH:9
BRDA:12,0,0,0
BRDA:12,0,1,0
BRDA:16,1,0,0
BRDA:16,1,1,0
BRDA:23,2,0,0
BRDA:23,2,1,0
BRDA:30,3,0,0
BRDA:30,3,1,0
BRF:8
BRH:0
end_of_record
TN:
SF:src/services/CreateComplimentService.ts
FN:15,(anonymous_13)
FN:16,(anonymous_15)
FN:21,(anonymous_18)
FN:36,(anonymous_19)
FN:36,(anonymous_20)
FNF:5
FNH:1
FNDA:1,(anonymous_13)
FNDA:0,(anonymous_15)
FNDA:0,(anonymous_18)
FNDA:0,(anonymous_19)
FNDA:0,(anonymous_20)
DA:1,1
DA:3,1
DA:4,1
DA:5,1
DA:6,1
DA:15,1
DA:16,1
DA:17,0
DA:18,0
DA:19,0
DA:21,0
DA:22,0
DA:23,0
DA:27,0
DA:28,0
DA:29,0
DA:30,0
DA:32,0
DA:33,0
DA:36,0
DA:37,0
DA:39,0
DA:40,0
DA:44,0
DA:45,0
DA:47,0
DA:49,0
DA:50,0
DA:53,0
DA:60,0
DA:61,0
DA:63,1
DA:65,1
LF:33
LH:9
BRDA:22,0,0,0
BRDA:22,0,1,0
BRDA:32,1,0,0
BRDA:32,1,1,0
BRDA:37,2,0,0
BRDA:39,3,0,0
BRDA:39,3,1,0
BRDA:49,4,0,0
BRDA:49,4,1,0
BRF:9
BRH:0
end_of_record
TN:
SF:src/services/CreateTagService.ts
FN:9,(anonymous_13)
FN:11,(anonymous_15)
FNF:2
FNH:1
FNDA:1,(anonymous_13)
FNDA:0,(anonymous_15)
DA:1,1
DA:2,1
DA:3,1
DA:9,1
DA:11,1
DA:12,0
DA:14,0
DA:15,0
DA:18,0
DA:20,0
DA:21,0
DA:24,0
DA:28,0
DA:30,0
DA:33,1
DA:35,1
LF:16
LH:7
BRDA:14,0,0,0
BRDA:14,0,1,0
BRDA:20,1,0,0
BRDA:20,1,1,0
BRF:4
BRH:0
end_of_record
TN:
SF:src/services/CreateUserService.ts
FN:13,(anonymous_13)
FN:15,(anonymous_15)
FNF:2
FNH:2
FNDA:2,(anonymous_13)
FNDA:1,(anonymous_15)
DA:1,1
DA:2,1
DA:3,1
DA:4,1
DA:13,1
DA:15,1
DA:16,1
DA:18,1
DA:19,0
DA:22,1
DA:23,0
DA:26,1
DA:28,1
DA:29,1
DA:32,0
DA:34,0
DA:41,0
DA:42,0
DA:43,0
DA:45,1
DA:47,1
LF:21
LH:14
BRDA:15,0,0,0
BRDA:15,0,1,1
BRDA:18,1,0,0
BRDA:18,1,1,1
BRDA:22,2,0,0
BRDA:22,2,1,1
BRDA:28,3,0,1
BRDA:28,3,1,0
BRF:8
BRH:4
end_of_record
TN:
SF:src/services/HandlingErrors.ts
FN:1,(anonymous_0)
FN:6,ErrorHandler
FNF:2
FNH:2
FNDA:1,(anonymous_0)
FNDA:1,ErrorHandler
DA:1,1
DA:7,1
DA:8,1
DA:10,1
DA:12,1
LF:5
LH:5
BRF:0
BRH:0
end_of_record
TN:
SF:src/services/ListUserReceivedComplimentsService.ts
FN:5,(anonymous_13)
FN:6,(anonymous_15)
FNF:2
FNH:1
FNDA:1,(anonymous_13)
FNDA:0,(anonymous_15)
DA:1,1
DA:2,1
DA:5,1
DA:6,1
DA:7,0
DA:9,0
DA:16,0
DA:18,1
DA:20,1
LF:9
LH:6
BRF:0
BRH:0
end_of_record
TN:
SF:src/services/ListUserSendedComplimentsService.ts
FN:5,(anonymous_13)
FN:6,(anonymous_15)
FNF:2
FNH:1
FNDA:1,(anonymous_13)
FNDA:0,(anonymous_15)
DA:1,1
DA:2,1
DA:5,1
DA:6,1
DA:7,0
DA:9,0
DA:15,0
DA:17,1
DA:19,1
LF:9
LH:6
BRF:0
BRH:0
end_of_record
